The system is: Windows - 10.0.22621 - AMD64
Compiling the C compiler identification source file "CMakeCCompilerId.c" succeeded.
Compiler: C:/Program Files (x86)/Microsoft Visual Studio/2019/BuildTools/VC/Tools/MSVC/14.29.30133/bin/Hostx86/x86/cl.exe 
Build flags: 
Id flags:  

The output was:
0
Microsoft (R) Kompilator optymalizujący C/C++, wersja 19.29.30148 dla architektury x86
Copyright (C) Microsoft Corporation. Wszystkie prawa zastrzeżone.

CMakeCCompilerId.c
Microsoft (R) Incremental Linker Version 14.29.30148.0
Copyright (C) Microsoft Corporation.  All rights reserved.

/out:CMakeCCompilerId.exe 
CMakeCCompilerId.obj 


Compilation of the C compiler identification source "CMakeCCompilerId.c" produced "CMakeCCompilerId.exe"

Compilation of the C compiler identification source "CMakeCCompilerId.c" produced "CMakeCCompilerId.obj"

The C compiler identification is MSVC, found in "C:/Users/milyj/Desktop/kompas/build/elf2uf2/CMakeFiles/3.25.0/CompilerIdC/CMakeCCompilerId.exe"

Compiling the CXX compiler identification source file "CMakeCXXCompilerId.cpp" succeeded.
Compiler: C:/Program Files (x86)/Microsoft Visual Studio/2019/BuildTools/VC/Tools/MSVC/14.29.30133/bin/Hostx86/x86/cl.exe 
Build flags: 
Id flags:  

The output was:
0
Microsoft (R) Kompilator optymalizujący C/C++, wersja 19.29.30148 dla architektury x86
Copyright (C) Microsoft Corporation. Wszystkie prawa zastrzeżone.

CMakeCXXCompilerId.cpp
Microsoft (R) Incremental Linker Version 14.29.30148.0
Copyright (C) Microsoft Corporation.  All rights reserved.

/out:CMakeCXXCompilerId.exe 
CMakeCXXCompilerId.obj 


Compilation of the CXX compiler identification source "CMakeCXXCompilerId.cpp" produced "CMakeCXXCompilerId.exe"

Compilation of the CXX compiler identification source "CMakeCXXCompilerId.cpp" produced "CMakeCXXCompilerId.obj"

The CXX compiler identification is MSVC, found in "C:/Users/milyj/Desktop/kompas/build/elf2uf2/CMakeFiles/3.25.0/CompilerIdCXX/CMakeCXXCompilerId.exe"

Detecting C compiler ABI info compiled with the following output:
Change Dir: C:/Users/milyj/Desktop/kompas/build/elf2uf2/CMakeFiles/CMakeScratch/TryCompile-wpt1kj

Run Build Command(s):C:/PROGRA~2/MICROS~2/2019/BUILDT~1/Common7/IDE/COMMON~1/MICROS~1/CMake/Ninja/ninja.exe cmTC_47479 && [1/2  50% :: 0.365] Building C object CMakeFiles\cmTC_47479.dir\CMakeCCompilerABI.c.obj
[2/2 100% :: 4.774] Linking C executable cmTC_47479.exe



Detecting CXX compiler ABI info compiled with the following output:
Change Dir: C:/Users/milyj/Desktop/kompas/build/elf2uf2/CMakeFiles/CMakeScratch/TryCompile-h75lpg

Run Build Command(s):C:/PROGRA~2/MICROS~2/2019/BUILDT~1/Common7/IDE/COMMON~1/MICROS~1/CMake/Ninja/ninja.exe cmTC_5ae5d && [1/2  50% :: 1.333] Building CXX object CMakeFiles\cmTC_5ae5d.dir\CMakeCXXCompilerABI.cpp.obj
[2/2 100% :: 11.134] Linking CXX executable cmTC_5ae5d.exe



The system is: Windows - 10.0.22000 - AMD64
Compiling the C compiler identification source file "CMakeCCompilerId.c" succeeded.
Compiler: C:/Program Files (x86)/Microsoft Visual Studio/2019/BuildTools/VC/Tools/MSVC/14.29.30133/bin/Hostx86/x86/cl.exe 
Build flags: 
Id flags:  

The output was:
0
Microsoft (R) Kompilator optymalizujący C/C++, wersja 19.29.30151 dla architektury x86
Copyright (C) Microsoft Corporation. Wszystkie prawa zastrzeżone.

CMakeCCompilerId.c
Microsoft (R) Incremental Linker Version 14.29.30151.0
Copyright (C) Microsoft Corporation.  All rights reserved.

/out:CMakeCCompilerId.exe 
CMakeCCompilerId.obj 


Compilation of the C compiler identification source "CMakeCCompilerId.c" produced "CMakeCCompilerId.exe"

Compilation of the C compiler identification source "CMakeCCompilerId.c" produced "CMakeCCompilerId.obj"

The C compiler identification is MSVC, found in "C:/Users/Milosz/Desktop/kompas/build/elf2uf2/CMakeFiles/3.25.0/CompilerIdC/CMakeCCompilerId.exe"

Compiling the CXX compiler identification source file "CMakeCXXCompilerId.cpp" succeeded.
Compiler: C:/Program Files (x86)/Microsoft Visual Studio/2019/BuildTools/VC/Tools/MSVC/14.29.30133/bin/Hostx86/x86/cl.exe 
Build flags: 
Id flags:  

The output was:
0
Microsoft (R) Kompilator optymalizujący C/C++, wersja 19.29.30151 dla architektury x86
Copyright (C) Microsoft Corporation. Wszystkie prawa zastrzeżone.

CMakeCXXCompilerId.cpp
Microsoft (R) Incremental Linker Version 14.29.30151.0
Copyright (C) Microsoft Corporation.  All rights reserved.

/out:CMakeCXXCompilerId.exe 
CMakeCXXCompilerId.obj 


Compilation of the CXX compiler identification source "CMakeCXXCompilerId.cpp" produced "CMakeCXXCompilerId.exe"

Compilation of the CXX compiler identification source "CMakeCXXCompilerId.cpp" produced "CMakeCXXCompilerId.obj"

The CXX compiler identification is MSVC, found in "C:/Users/Milosz/Desktop/kompas/build/elf2uf2/CMakeFiles/3.25.0/CompilerIdCXX/CMakeCXXCompilerId.exe"

Detecting C compiler ABI info compiled with the following output:
Change Dir: C:/Users/Milosz/Desktop/kompas/build/elf2uf2/CMakeFiles/CMakeScratch/TryCompile-2k14dq

Run Build Command(s):C:/PROGRA~2/MIB055~1/2019/BUILDT~1/Common7/IDE/COMMON~1/MICROS~1/CMake/Ninja/ninja.exe cmTC_14163 && [1/2  50% :: 0.401] Building C object CMakeFiles\cmTC_14163.dir\CMakeCCompilerABI.c.obj
[2/2 100% :: 3.751] Linking C executable cmTC_14163.exe



Detecting CXX compiler ABI info compiled with the following output:
Change Dir: C:/Users/Milosz/Desktop/kompas/build/elf2uf2/CMakeFiles/CMakeScratch/TryCompile-1h10rf

Run Build Command(s):C:/PROGRA~2/MIB055~1/2019/BUILDT~1/Common7/IDE/COMMON~1/MICROS~1/CMake/Ninja/ninja.exe cmTC_96cd8 && [1/2  50% :: 0.632] Building CXX object CMakeFiles\cmTC_96cd8.dir\CMakeCXXCompilerABI.cpp.obj
[2/2 100% :: 5.964] Linking CXX executable cmTC_96cd8.exe



